# JRE version: OpenJDK Runtime Environment Temurin-21.0.8+9 (21.0.8+9) (build 21.0.8+9-LTS)
# Java VM: OpenJDK 64-Bit Server VM Temurin-21.0.8+9 (21.0.8+9-LTS, mixed mode, sharing, tiered, compressed oops, compressed class ptrs, parallel gc, windows-amd64)
GC Precious Log:
 CardTable entry size: 512
 CPUs: 12 total, 12 available
 Memory: 16087M
 Large Page Support: Disabled
 NUMA Support: Disabled
 Compressed Oops: Enabled (32-bit)
 Alignments: Space 512K, Generation 512K, Heap 2M
 Heap Min Capacity: 100M
 Heap Initial Capacity: 100M
 Heap Max Capacity: 2G
 Pre-touch: Disabled
 Parallel Workers: 10
Heap:
 PSYoungGen      total 2560K, used 1047K [0x00000000d5580000, 0x00000000d5880000, 0x0000000100000000)
  eden space 2048K, 32% used [0x00000000d5580000,0x00000000d5625dd8,0x00000000d5780000)
  from space 512K, 75% used [0x00000000d5780000,0x00000000d57e0020,0x00000000d5800000)
  to   space 512K, 0% used [0x00000000d5800000,0x00000000d5800000,0x00000000d5880000)
 ParOldGen       total 678912K, used 240013K [0x0000000080000000, 0x00000000a9700000, 0x00000000d5580000)
  object space 678912K, 35% used [0x0000000080000000,0x000000008ea634f0,0x00000000a9700000)
 Metaspace       used 78396K, committed 80000K, reserved 1179648K
  class space    used 8225K, committed 8960K, reserved 1048576K
GC Heap History (20 events):
Event: 912.744 GC heap before
{Heap before GC invocations=662 (full 3):
 PSYoungGen      total 2048K, used 1664K [0x00000000d5580000, 0x00000000d5900000, 0x0000000100000000)
  eden space 1024K, 100% used [0x00000000d5580000,0x00000000d5680000,0x00000000d5680000)
  from space 1024K, 62% used [0x00000000d5800000,0x00000000d58a0000,0x00000000d5900000)
  to   space 1024K, 0% used [0x00000000d5700000,0x00000000d5700000,0x00000000d5800000)
 ParOldGen       total 676864K, used 676569K [0x0000000080000000, 0x00000000a9500000, 0x00000000d5580000)
  object space 676864K, 99% used [0x0000000080000000,0x00000000a94b6408,0x00000000a9500000)
 Metaspace       used 78332K, committed 79936K, reserved 1179648K
  class space    used 8229K, committed 8960K, reserved 1048576K
}
Event: 912.748 GC heap after
{Heap after GC invocations=662 (full 3):
 PSYoungGen      total 2560K, used 448K [0x00000000d5580000, 0x00000000d5900000, 0x0000000100000000)
  eden space 1536K, 0% used [0x00000000d5580000,0x00000000d5580000,0x00000000d5700000)
  from space 1024K, 43% used [0x00000000d5700000,0x00000000d5770000,0x00000000d5800000)
  to   space 1024K, 0% used [0x00000000d5800000,0x00000000d5800000,0x00000000d5900000)
 ParOldGen       total 677376K, used 677097K [0x0000000080000000, 0x00000000a9580000, 0x00000000d5580000)
  object space 677376K, 99% used [0x0000000080000000,0x00000000a953a408,0x00000000a9580000)
 Metaspace       used 78332K, committed 79936K, reserved 1179648K
  class space    used 8229K, committed 8960K, reserved 1048576K
}
Event: 912.921 GC heap before
{Heap before GC invocations=663 (full 3):
 PSYoungGen      total 2560K, used 1984K [0x00000000d5580000, 0x00000000d5900000, 0x0000000100000000)
  eden space 1536K, 100% used [0x00000000d5580000,0x00000000d5700000,0x00000000d5700000)
  from space 1024K, 43% used [0x00000000d5700000,0x00000000d5770000,0x00000000d5800000)
  to   space 1024K, 0% used [0x00000000d5800000,0x00000000d5800000,0x00000000d5900000)
 ParOldGen       total 677376K, used 677097K [0x0000000080000000, 0x00000000a9580000, 0x00000000d5580000)
  object space 677376K, 99% used [0x0000000080000000,0x00000000a953a408,0x00000000a9580000)
 Metaspace       used 78332K, committed 79936K, reserved 1179648K
  class space    used 8229K, committed 8960K, reserved 1048576K
}
Event: 912.923 GC heap after
{Heap after GC invocations=663 (full 3):
 PSYoungGen      total 2560K, used 593K [0x00000000d5580000, 0x00000000d5980000, 0x0000000100000000)
  eden space 1536K, 0% used [0x00000000d5580000,0x00000000d5580000,0x00000000d5700000)
  from space 1024K, 58% used [0x00000000d5800000,0x00000000d58947d8,0x00000000d5900000)
  to   space 1024K, 0% used [0x00000000d5700000,0x00000000d5700000,0x00000000d5800000)
 ParOldGen       total 677376K, used 677369K [0x0000000080000000, 0x00000000a9580000, 0x00000000d5580000)
  object space 677376K, 99% used [0x0000000080000000,0x00000000a957e408,0x00000000a9580000)
 Metaspace       used 78332K, committed 79936K, reserved 1179648K
  class space    used 8229K, committed 8960K, reserved 1048576K
}
Event: 912.932 GC heap before
{Heap before GC invocations=664 (full 3):
 PSYoungGen      total 2560K, used 2129K [0x00000000d5580000, 0x00000000d5980000, 0x0000000100000000)
  eden space 1536K, 100% used [0x00000000d5580000,0x00000000d5700000,0x00000000d5700000)
  from space 1024K, 58% used [0x00000000d5800000,0x00000000d58947d8,0x00000000d5900000)
  to   space 1024K, 0% used [0x00000000d5700000,0x00000000d5700000,0x00000000d5800000)
 ParOldGen       total 677376K, used 677369K [0x0000000080000000, 0x00000000a9580000, 0x00000000d5580000)
  object space 677376K, 99% used [0x0000000080000000,0x00000000a957e408,0x00000000a9580000)
 Metaspace       used 78333K, committed 79936K, reserved 1179648K
  class space    used 8229K, committed 8960K, reserved 1048576K
}
Event: 912.934 GC heap after
{Heap after GC invocations=664 (full 3):
 PSYoungGen      total 2560K, used 352K [0x00000000d5580000, 0x00000000d5880000, 0x0000000100000000)
  eden space 1536K, 0% used [0x00000000d5580000,0x00000000d5580000,0x00000000d5700000)
  from space 1024K, 34% used [0x00000000d5700000,0x00000000d5758000,0x00000000d5800000)
  to   space 512K, 0% used [0x00000000d5800000,0x00000000d5800000,0x00000000d5880000)
 ParOldGen       total 677888K, used 677401K [0x0000000080000000, 0x00000000a9600000, 0x00000000d5580000)
  object space 677888K, 99% used [0x0000000080000000,0x00000000a9586408,0x00000000a9600000)
 Metaspace       used 78333K, committed 79936K, reserved 1179648K
  class space    used 8229K, committed 8960K, reserved 1048576K
}
Event: 912.942 GC heap before
{Heap before GC invocations=665 (full 3):
 PSYoungGen      total 2560K, used 1888K [0x00000000d5580000, 0x00000000d5880000, 0x0000000100000000)
  eden space 1536K, 100% used [0x00000000d5580000,0x00000000d5700000,0x00000000d5700000)
  from space 1024K, 34% used [0x00000000d5700000,0x00000000d5758000,0x00000000d5800000)
  to   space 512K, 0% used [0x00000000d5800000,0x00000000d5800000,0x00000000d5880000)
 ParOldGen       total 677888K, used 677401K [0x0000000080000000, 0x00000000a9600000, 0x00000000d5580000)
  object space 677888K, 99% used [0x0000000080000000,0x00000000a9586408,0x00000000a9600000)
 Metaspace       used 78335K, committed 79936K, reserved 1179648K
  class space    used 8229K, committed 8960K, reserved 1048576K
}
Event: 912.945 GC heap after
{Heap after GC invocations=665 (full 3):
 PSYoungGen      total 1536K, used 480K [0x00000000d5580000, 0x00000000d5a80000, 0x0000000100000000)
  eden space 1024K, 0% used [0x00000000d5580000,0x00000000d5580000,0x00000000d5680000)
  from space 512K, 93% used [0x00000000d5800000,0x00000000d5878080,0x00000000d5880000)
  to   space 1536K, 0% used [0x00000000d5680000,0x00000000d5680000,0x00000000d5800000)
 ParOldGen       total 678400K, used 677958K [0x0000000080000000, 0x00000000a9680000, 0x00000000d5580000)
  object space 678400K, 99% used [0x0000000080000000,0x00000000a9611898,0x00000000a9680000)
 Metaspace       used 78335K, committed 79936K, reserved 1179648K
  class space    used 8229K, committed 8960K, reserved 1048576K
}
Event: 912.948 GC heap before
{Heap before GC invocations=666 (full 3):
 PSYoungGen      total 1536K, used 1504K [0x00000000d5580000, 0x00000000d5a80000, 0x0000000100000000)
  eden space 1024K, 100% used [0x00000000d5580000,0x00000000d5680000,0x00000000d5680000)
  from space 512K, 93% used [0x00000000d5800000,0x00000000d5878080,0x00000000d5880000)
  to   space 1536K, 0% used [0x00000000d5680000,0x00000000d5680000,0x00000000d5800000)
 ParOldGen       total 678400K, used 677958K [0x0000000080000000, 0x00000000a9680000, 0x00000000d5580000)
  object space 678400K, 99% used [0x0000000080000000,0x00000000a9611898,0x00000000a9680000)
 Metaspace       used 78340K, committed 79936K, reserved 1179648K
  class space    used 8229K, committed 8960K, reserved 1048576K
}
Event: 912.950 GC heap after
{Heap after GC invocations=666 (full 3):
 PSYoungGen      total 2560K, used 384K [0x00000000d5580000, 0x00000000d5900000, 0x0000000100000000)
  eden space 1024K, 0% used [0x00000000d5580000,0x00000000d5580000,0x00000000d5680000)
  from space 1536K, 25% used [0x00000000d5680000,0x00000000d56e0000,0x00000000d5800000)
  to   space 1024K, 0% used [0x00000000d5800000,0x00000000d5800000,0x00000000d5900000)
 ParOldGen       total 678912K, used 678491K [0x0000000080000000, 0x00000000a9700000, 0x00000000d5580000)
  object space 678912K, 99% used [0x0000000080000000,0x00000000a9696c30,0x00000000a9700000)
 Metaspace       used 78340K, committed 79936K, reserved 1179648K
  class space    used 8229K, committed 8960K, reserved 1048576K
}
Event: 912.952 GC heap before
{Heap before GC invocations=667 (full 3):
 PSYoungGen      total 2560K, used 420K [0x00000000d5580000, 0x00000000d5900000, 0x0000000100000000)
  eden space 1024K, 3% used [0x00000000d5580000,0x00000000d55893e8,0x00000000d5680000)
  from space 1536K, 25% used [0x00000000d5680000,0x00000000d56e0000,0x00000000d5800000)
  to   space 1024K, 0% used [0x00000000d5800000,0x00000000d5800000,0x00000000d5900000)
 ParOldGen       total 678912K, used 678491K [0x0000000080000000, 0x00000000a9700000, 0x00000000d5580000)
  object space 678912K, 99% used [0x0000000080000000,0x00000000a9696c30,0x00000000a9700000)
 Metaspace       used 78340K, committed 79936K, reserved 1179648K
  class space    used 8229K, committed 8960K, reserved 1048576K
}
Event: 912.953 GC heap after
{Heap after GC invocations=667 (full 3):
 PSYoungGen      total 2048K, used 224K [0x00000000d5580000, 0x00000000d5880000, 0x0000000100000000)
  eden space 1536K, 0% used [0x00000000d5580000,0x00000000d5580000,0x00000000d5700000)
  from space 512K, 43% used [0x00000000d5800000,0x00000000d5838000,0x00000000d5880000)
  to   space 512K, 0% used [0x00000000d5780000,0x00000000d5780000,0x00000000d5800000)
 ParOldGen       total 678912K, used 678797K [0x0000000080000000, 0x00000000a9700000, 0x00000000d5580000)
  object space 678912K, 99% used [0x0000000080000000,0x00000000a96e36d8,0x00000000a9700000)
 Metaspace       used 78340K, committed 79936K, reserved 1179648K
  class space    used 8229K, committed 8960K, reserved 1048576K
}
Event: 912.953 GC heap before
{Heap before GC invocations=668 (full 4):
 PSYoungGen      total 2048K, used 224K [0x00000000d5580000, 0x00000000d5880000, 0x0000000100000000)
  eden space 1536K, 0% used [0x00000000d5580000,0x00000000d5580000,0x00000000d5700000)
  from space 512K, 43% used [0x00000000d5800000,0x00000000d5838000,0x00000000d5880000)
  to   space 512K, 0% used [0x00000000d5780000,0x00000000d5780000,0x00000000d5800000)
 ParOldGen       total 678912K, used 678797K [0x0000000080000000, 0x00000000a9700000, 0x00000000d5580000)
  object space 678912K, 99% used [0x0000000080000000,0x00000000a96e36d8,0x00000000a9700000)
 Metaspace       used 78340K, committed 79936K, reserved 1179648K
  class space    used 8229K, committed 8960K, reserved 1048576K
}
Event: 913.244 GC heap after
{Heap after GC invocations=668 (full 4):
 PSYoungGen      total 2048K, used 0K [0x00000000d5580000, 0x00000000d5880000, 0x0000000100000000)
  eden space 1536K, 0% used [0x00000000d5580000,0x00000000d5580000,0x00000000d5700000)
  from space 512K, 0% used [0x00000000d5800000,0x00000000d5800000,0x00000000d5880000)
  to   space 512K, 0% used [0x00000000d5780000,0x00000000d5780000,0x00000000d5800000)
 ParOldGen       total 678912K, used 239869K [0x0000000080000000, 0x00000000a9700000, 0x00000000d5580000)
  object space 678912K, 35% used [0x0000000080000000,0x000000008ea3f4f0,0x00000000a9700000)
 Metaspace       used 78325K, committed 79936K, reserved 1179648K
  class space    used 8225K, committed 8960K, reserved 1048576K
}
Event: 913.454 GC heap before
{Heap before GC invocations=669 (full 4):
 PSYoungGen      total 2048K, used 1536K [0x00000000d5580000, 0x00000000d5880000, 0x0000000100000000)
  eden space 1536K, 100% used [0x00000000d5580000,0x00000000d5700000,0x00000000d5700000)
  from space 512K, 0% used [0x00000000d5800000,0x00000000d5800000,0x00000000d5880000)
  to   space 512K, 0% used [0x00000000d5780000,0x00000000d5780000,0x00000000d5800000)
 ParOldGen       total 678912K, used 239869K [0x0000000080000000, 0x00000000a9700000, 0x00000000d5580000)
  object space 678912K, 35% used [0x0000000080000000,0x000000008ea3f4f0,0x00000000a9700000)
 Metaspace       used 78341K, committed 79936K, reserved 1179648K
  class space    used 8225K, committed 8960K, reserved 1048576K
}
Event: 913.455 GC heap after
{Heap after GC invocations=669 (full 4):
 PSYoungGen      total 2560K, used 320K [0x00000000d5580000, 0x00000000d5880000, 0x0000000100000000)
  eden space 2048K, 0% used [0x00000000d5580000,0x00000000d5580000,0x00000000d5780000)
  from space 512K, 62% used [0x00000000d5780000,0x00000000d57d0000,0x00000000d5800000)
  to   space 512K, 0% used [0x00000000d5800000,0x00000000d5800000,0x00000000d5880000)
 ParOldGen       total 678912K, used 239869K [0x0000000080000000, 0x00000000a9700000, 0x00000000d5580000)
  object space 678912K, 35% used [0x0000000080000000,0x000000008ea3f4f0,0x00000000a9700000)
 Metaspace       used 78341K, committed 79936K, reserved 1179648K
  class space    used 8225K, committed 8960K, reserved 1048576K
}
Event: 914.502 GC heap before
{Heap before GC invocations=670 (full 4):
 PSYoungGen      total 2560K, used 2368K [0x00000000d5580000, 0x00000000d5880000, 0x0000000100000000)
  eden space 2048K, 100% used [0x00000000d5580000,0x00000000d5780000,0x00000000d5780000)
  from space 512K, 62% used [0x00000000d5780000,0x00000000d57d0000,0x00000000d5800000)
  to   space 512K, 0% used [0x00000000d5800000,0x00000000d5800000,0x00000000d5880000)
 ParOldGen       total 678912K, used 239869K [0x0000000080000000, 0x00000000a9700000, 0x00000000d5580000)
  object space 678912K, 35% used [0x0000000080000000,0x000000008ea3f4f0,0x00000000a9700000)
 Metaspace       used 78346K, committed 79936K, reserved 1179648K
  class space    used 8225K, committed 8960K, reserved 1048576K
}
Event: 914.503 GC heap after
{Heap after GC invocations=670 (full 4):
 PSYoungGen      total 2560K, used 160K [0x00000000d5580000, 0x00000000d5880000, 0x0000000100000000)
  eden space 2048K, 0% used [0x00000000d5580000,0x00000000d5580000,0x00000000d5780000)
  from space 512K, 31% used [0x00000000d5800000,0x00000000d5828000,0x00000000d5880000)
  to   space 512K, 0% used [0x00000000d5780000,0x00000000d5780000,0x00000000d5800000)
 ParOldGen       total 678912K, used 239989K [0x0000000080000000, 0x00000000a9700000, 0x00000000d5580000)
  object space 678912K, 35% used [0x0000000080000000,0x000000008ea5d4f0,0x00000000a9700000)
 Metaspace       used 78346K, committed 79936K, reserved 1179648K
  class space    used 8225K, committed 8960K, reserved 1048576K
}
Event: 914.512 GC heap before
{Heap before GC invocations=671 (full 4):
 PSYoungGen      total 2560K, used 2208K [0x00000000d5580000, 0x00000000d5880000, 0x0000000100000000)
  eden space 2048K, 100% used [0x00000000d5580000,0x00000000d5780000,0x00000000d5780000)
  from space 512K, 31% used [0x00000000d5800000,0x00000000d5828000,0x00000000d5880000)
  to   space 512K, 0% used [0x00000000d5780000,0x00000000d5780000,0x00000000d5800000)
 ParOldGen       total 678912K, used 239989K [0x0000000080000000, 0x00000000a9700000, 0x00000000d5580000)
  object space 678912K, 35% used [0x0000000080000000,0x000000008ea5d4f0,0x00000000a9700000)
 Metaspace       used 78350K, committed 79936K, reserved 1179648K
  class space    used 8225K, committed 8960K, reserved 1048576K
}
Event: 914.513 GC heap after
{Heap after GC invocations=671 (full 4):
 PSYoungGen      total 2560K, used 384K [0x00000000d5580000, 0x00000000d5880000, 0x0000000100000000)
  eden space 2048K, 0% used [0x00000000d5580000,0x00000000d5580000,0x00000000d5780000)
  from space 512K, 75% used [0x00000000d5780000,0x00000000d57e0020,0x00000000d5800000)
  to   space 512K, 0% used [0x00000000d5800000,0x00000000d5800000,0x00000000d5880000)
 ParOldGen       total 678912K, used 240013K [0x0000000080000000, 0x00000000a9700000, 0x00000000d5580000)
  object space 678912K, 35% used [0x0000000080000000,0x000000008ea634f0,0x00000000a9700000)
 Metaspace       used 78350K, committed 79936K, reserved 1179648K
  class space    used 8225K, committed 8960K, reserved 1048576K
}

